2018-04-10 20:43:35,659 [Worker-3] INFO  c.g.t.t.d.PublishedGradleVersions - Gradle version information cache is up-to-date. Trying to read.
2018-04-10 20:44:48,688 [Worker-5] ERROR o.e.m.c.internal.embedder.MavenImpl - Could not read settings.xml, assuming default values
org.apache.maven.settings.building.SettingsBuildingException: 1 problem was encountered while building the effective settings
[FATAL] Non-readable settings C:\Users\ASUS-PC\.m2\settings.xml: input contained no data @ C:\Users\ASUS-PC\.m2\settings.xml

	at org.apache.maven.settings.building.DefaultSettingsBuilder.build(DefaultSettingsBuilder.java:119) ~[maven-settings-builder-3.3.9.jar:3.3.9]
	at org.eclipse.m2e.core.internal.embedder.MavenImpl.getSettings(MavenImpl.java:470) [org.eclipse.m2e.core_1.8.2.20171007-0217.jar:na]
	at org.eclipse.m2e.core.internal.embedder.MavenImpl.getSettings(MavenImpl.java:439) [org.eclipse.m2e.core_1.8.2.20171007-0217.jar:na]
	at org.eclipse.m2e.core.internal.embedder.MavenImpl.createExecutionRequest(MavenImpl.java:236) [org.eclipse.m2e.core_1.8.2.20171007-0217.jar:na]
	at org.eclipse.m2e.core.internal.embedder.MavenExecutionContext.newExecutionRequest(MavenExecutionContext.java:92) [org.eclipse.m2e.core_1.8.2.20171007-0217.jar:na]
	at org.eclipse.m2e.core.internal.embedder.MavenExecutionContext.execute(MavenExecutionContext.java:125) [org.eclipse.m2e.core_1.8.2.20171007-0217.jar:na]
	at org.eclipse.m2e.core.internal.embedder.MavenExecutionContext.execute(MavenExecutionContext.java:99) [org.eclipse.m2e.core_1.8.2.20171007-0217.jar:na]
	at org.eclipse.m2e.core.internal.embedder.MavenImpl.execute(MavenImpl.java:1355) [org.eclipse.m2e.core_1.8.2.20171007-0217.jar:na]
	at org.eclipse.m2e.core.internal.project.registry.ProjectRegistryRefreshJob.run(ProjectRegistryRefreshJob.java:81) [org.eclipse.m2e.core_1.8.2.20171007-0217.jar:na]
	at org.eclipse.core.internal.jobs.Worker.run(Worker.java:56) [org.eclipse.core.jobs_3.9.2.v20171030-1027.jar:na]
2018-04-10 20:45:14,508 [Worker-17] INFO  o.e.m.c.i.l.LifecycleMappingFactory - Using org.eclipse.m2e.jdt.JarLifecycleMapping lifecycle mapping for MavenProject: com.example:com.example.tutorial4:0.0.1-SNAPSHOT @ E:\Download\IDM\Compressed\tutorial4_1706106652-master\com.example.tutorial4\pom.xml.
2018-04-10 20:45:22,928 [Worker-17] INFO  o.e.m.c.i.embedder.EclipseLogger - Using 'UTF-8' encoding to copy filtered resources.
2018-04-10 20:45:22,935 [Worker-17] INFO  o.e.m.c.i.embedder.EclipseLogger - Copying 1 resource
2018-04-10 20:45:22,969 [Worker-17] INFO  o.e.m.c.i.embedder.EclipseLogger - Copying 9 resources
2018-04-10 20:45:23,083 [Worker-17] INFO  o.e.m.c.i.embedder.EclipseLogger - Using 'UTF-8' encoding to copy filtered resources.
2018-04-10 20:45:23,083 [Worker-17] INFO  o.e.m.c.i.embedder.EclipseLogger - skip non existing resourceDirectory E:\Download\IDM\Compressed\tutorial4_1706106652-master\com.example.tutorial4\src\test\resources
2018-04-10 20:46:54,019 [Worker-11] INFO  o.e.m.c.i.l.LifecycleMappingFactory - Using org.eclipse.m2e.jdt.JarLifecycleMapping lifecycle mapping for MavenProject: com.example:com.example.tutorial4:0.0.1-SNAPSHOT @ E:\Download\IDM\Compressed\tutorial4_1706106652-master\com.example.tutorial4\pom.xml.
2018-04-10 20:46:54,900 [Worker-11] INFO  o.e.m.c.i.embedder.EclipseLogger - Using 'UTF-8' encoding to copy filtered resources.
2018-04-10 20:46:54,901 [Worker-11] INFO  o.e.m.c.i.embedder.EclipseLogger - Copying 1 resource
2018-04-10 20:46:54,923 [Worker-11] INFO  o.e.m.c.i.embedder.EclipseLogger - Copying 9 resources
2018-04-10 20:46:54,961 [Worker-11] INFO  o.e.m.c.i.embedder.EclipseLogger - Using 'UTF-8' encoding to copy filtered resources.
2018-04-10 20:46:54,961 [Worker-11] INFO  o.e.m.c.i.embedder.EclipseLogger - skip non existing resourceDirectory E:\Download\IDM\Compressed\tutorial4_1706106652-master\com.example.tutorial4\src\test\resources
2018-04-10 20:46:56,602 [Worker-6] INFO  o.e.m.c.i.l.LifecycleMappingFactory - Using org.eclipse.m2e.jdt.JarLifecycleMapping lifecycle mapping for MavenProject: com.example:com.example.tutorial4:0.0.1-SNAPSHOT @ E:\Download\IDM\Compressed\tutorial4_1706106652-master\com.example.tutorial4\pom.xml.
2018-04-10 20:46:56,829 [Worker-0] INFO  o.e.m.c.i.embedder.EclipseLogger - Using 'UTF-8' encoding to copy filtered resources.
2018-04-10 20:46:56,850 [Worker-0] INFO  o.e.m.c.i.embedder.EclipseLogger - Copying 1 resource
2018-04-10 20:46:56,879 [Worker-0] INFO  o.e.m.c.i.embedder.EclipseLogger - Copying 9 resources
2018-04-10 20:46:56,920 [Worker-0] INFO  o.e.m.c.i.embedder.EclipseLogger - Using 'UTF-8' encoding to copy filtered resources.
2018-04-10 20:46:56,921 [Worker-0] INFO  o.e.m.c.i.embedder.EclipseLogger - skip non existing resourceDirectory E:\Download\IDM\Compressed\tutorial4_1706106652-master\com.example.tutorial4\src\test\resources
2018-04-10 20:47:02,630 [Worker-3] INFO  o.e.m.c.i.embedder.EclipseLogger - Using 'UTF-8' encoding to copy filtered resources.
2018-04-10 20:47:02,631 [Worker-3] INFO  o.e.m.c.i.embedder.EclipseLogger - Copying 0 resource
2018-04-10 20:47:02,631 [Worker-3] INFO  o.e.m.c.i.embedder.EclipseLogger - Copying 0 resource
2018-04-10 20:47:02,634 [Worker-3] INFO  o.e.m.c.i.embedder.EclipseLogger - Using 'UTF-8' encoding to copy filtered resources.
2018-04-10 20:47:02,642 [Worker-3] INFO  o.e.m.c.i.embedder.EclipseLogger - skip non existing resourceDirectory E:\Download\IDM\Compressed\tutorial4_1706106652-master\com.example.tutorial4\src\test\resources
2018-04-10 20:47:28,946 [Worker-17] INFO  o.e.m.c.i.embedder.EclipseLogger - Using 'UTF-8' encoding to copy filtered resources.
2018-04-10 20:47:28,954 [Worker-17] INFO  o.e.m.c.i.embedder.EclipseLogger - Copying 1 resource
2018-04-10 20:47:28,967 [Worker-17] INFO  o.e.m.c.i.embedder.EclipseLogger - Copying 9 resources
2018-04-10 20:47:28,979 [Worker-17] INFO  o.e.m.c.i.embedder.EclipseLogger - Using 'UTF-8' encoding to copy filtered resources.
2018-04-10 20:47:28,980 [Worker-17] INFO  o.e.m.c.i.embedder.EclipseLogger - skip non existing resourceDirectory E:\Download\IDM\Compressed\tutorial4_1706106652-master\com.example.tutorial4\src\test\resources
2018-04-10 20:49:48,343 [Worker-18] INFO  o.e.m.c.i.l.LifecycleMappingFactory - Using org.eclipse.m2e.jdt.JarLifecycleMapping lifecycle mapping for MavenProject: com.example:com.example.Tutorial07Producer:0.0.1-SNAPSHOT @ C:\Users\ASUS-PC\eclipse-workspace\Tutorial07\com.example.Tutorial07Producer\pom.xml.
2018-04-10 20:49:51,179 [Worker-18] INFO  o.e.m.j.i.AbstractJavaProjectConfigurator - Adding source folder /com.example.Tutorial07Producer/src/main/java
2018-04-10 20:49:51,187 [Worker-18] INFO  o.e.m.j.i.AbstractJavaProjectConfigurator - Adding resource folder /com.example.Tutorial07Producer/src/main/resources
2018-04-10 20:49:51,205 [Worker-18] INFO  o.e.m.j.i.AbstractJavaProjectConfigurator - Adding resource folder /com.example.Tutorial07Producer/src/main/resources
2018-04-10 20:49:51,226 [Worker-18] INFO  o.e.m.j.i.AbstractJavaProjectConfigurator - Adding source folder /com.example.Tutorial07Producer/src/test/java
2018-04-10 20:49:53,665 [Worker-18] INFO  o.e.m.c.i.p.ProjectConfigurationManager - Imported and configured 1 project(s) in 11 sec
2018-04-10 20:49:53,676 [Worker-18] INFO  o.e.m.c.i.p.ProjectConfigurationManager - Update started
2018-04-10 20:49:54,454 [Worker-18] INFO  o.e.m.c.i.l.LifecycleMappingFactory - Using org.eclipse.m2e.jdt.JarLifecycleMapping lifecycle mapping for MavenProject: com.example:com.example.Tutorial07Producer:0.0.1-SNAPSHOT @ C:\Users\ASUS-PC\eclipse-workspace\Tutorial07\com.example.Tutorial07Producer\pom.xml.
2018-04-10 20:49:55,057 [Worker-18] INFO  o.e.m.j.i.AbstractJavaProjectConfigurator - Adding source folder /com.example.Tutorial07Producer/src/main/java
2018-04-10 20:49:55,057 [Worker-18] INFO  o.e.m.j.i.AbstractJavaProjectConfigurator - Adding resource folder /com.example.Tutorial07Producer/src/main/resources
2018-04-10 20:49:55,065 [Worker-18] INFO  o.e.m.j.i.AbstractJavaProjectConfigurator - Adding resource folder /com.example.Tutorial07Producer/src/main/resources
2018-04-10 20:49:55,068 [Worker-18] INFO  o.e.m.j.i.AbstractJavaProjectConfigurator - Adding source folder /com.example.Tutorial07Producer/src/test/java
2018-04-10 20:49:55,214 [Worker-18] INFO  o.e.m.c.i.p.ProjectConfigurationManager - Update completed: 1 sec
2018-04-10 20:49:57,078 [Worker-5] INFO  o.e.m.c.i.embedder.EclipseLogger - Using 'UTF-8' encoding to copy filtered resources.
2018-04-10 20:49:57,085 [Worker-5] INFO  o.e.m.c.i.embedder.EclipseLogger - Copying 1 resource
2018-04-10 20:49:57,132 [Worker-5] INFO  o.e.m.c.i.embedder.EclipseLogger - Copying 0 resource
2018-04-10 20:49:57,145 [Worker-5] INFO  o.e.m.c.i.embedder.EclipseLogger - Using 'UTF-8' encoding to copy filtered resources.
2018-04-10 20:49:57,145 [Worker-5] INFO  o.e.m.c.i.embedder.EclipseLogger - skip non existing resourceDirectory C:\Users\ASUS-PC\eclipse-workspace\Tutorial07\com.example.Tutorial07Producer\src\test\resources
2018-04-10 20:50:36,546 [Worker-7] INFO  o.e.m.c.i.l.LifecycleMappingFactory - Using org.eclipse.m2e.jdt.JarLifecycleMapping lifecycle mapping for MavenProject: com.example:com.example.tutorial4:0.0.1-SNAPSHOT @ E:\Download\IDM\Compressed\tutorial4_1706106652-master\com.example.tutorial4\pom.xml.
2018-04-10 20:50:37,311 [Worker-7] INFO  o.e.m.j.i.AbstractJavaProjectConfigurator - Adding source folder /com.example.tutorial4/src/main/java
2018-04-10 20:50:37,311 [Worker-7] INFO  o.e.m.j.i.AbstractJavaProjectConfigurator - Adding resource folder /com.example.tutorial4/src/main/resources
2018-04-10 20:50:37,311 [Worker-7] INFO  o.e.m.j.i.AbstractJavaProjectConfigurator - Adding resource folder /com.example.tutorial4/src/main/resources
2018-04-10 20:50:37,312 [Worker-7] INFO  o.e.m.j.i.AbstractJavaProjectConfigurator - Adding source folder /com.example.tutorial4/src/test/java
2018-04-10 20:50:37,431 [Worker-7] INFO  o.e.m.c.i.p.ProjectConfigurationManager - Imported and configured 1 project(s) in 1 sec
2018-04-10 20:50:38,751 [Worker-4] INFO  o.e.m.c.i.embedder.EclipseLogger - Using 'UTF-8' encoding to copy filtered resources.
2018-04-10 20:50:38,752 [Worker-4] INFO  o.e.m.c.i.embedder.EclipseLogger - Copying 1 resource
2018-04-10 20:50:38,813 [Worker-4] INFO  o.e.m.c.i.embedder.EclipseLogger - Copying 9 resources
2018-04-10 20:50:38,872 [Worker-4] INFO  o.e.m.c.i.embedder.EclipseLogger - Using 'UTF-8' encoding to copy filtered resources.
2018-04-10 20:50:38,904 [Worker-4] INFO  o.e.m.c.i.embedder.EclipseLogger - skip non existing resourceDirectory E:\Download\IDM\Compressed\tutorial4_1706106652-master\com.example.tutorial4\src\test\resources
2018-04-10 20:54:16,105 [Worker-15] INFO  o.e.m.c.i.l.LifecycleMappingFactory - Using org.eclipse.m2e.jdt.JarLifecycleMapping lifecycle mapping for MavenProject: com.example:com.example.tutorial4:0.0.1-SNAPSHOT @ E:\Download\IDM\Compressed\tutorial4_1706106652-master\com.example.tutorial4\pom.xml.
2018-04-10 20:54:20,857 [Worker-15] INFO  o.e.m.c.i.embedder.EclipseLogger - Using 'UTF-8' encoding to copy filtered resources.
2018-04-10 20:54:20,866 [Worker-15] INFO  o.e.m.c.i.embedder.EclipseLogger - Copying 1 resource
2018-04-10 20:54:20,894 [Worker-15] INFO  o.e.m.c.i.embedder.EclipseLogger - Copying 9 resources
2018-04-10 20:54:20,979 [Worker-15] INFO  o.e.m.c.i.embedder.EclipseLogger - Using 'UTF-8' encoding to copy filtered resources.
2018-04-10 20:54:20,987 [Worker-15] INFO  o.e.m.c.i.embedder.EclipseLogger - skip non existing resourceDirectory E:\Download\IDM\Compressed\tutorial4_1706106652-master\com.example.tutorial4\src\test\resources
2018-04-10 20:54:21,973 [Worker-3] INFO  o.e.m.c.i.l.LifecycleMappingFactory - Using org.eclipse.m2e.jdt.JarLifecycleMapping lifecycle mapping for MavenProject: com.example:com.example.tutorial4:0.0.1-SNAPSHOT @ E:\Download\IDM\Compressed\tutorial4_1706106652-master\com.example.tutorial4\pom.xml.
2018-04-10 21:00:11,254 [Worker-5] INFO  c.g.t.t.d.PublishedGradleVersions - Gradle version information cache is up-to-date. Trying to read.
2018-04-10 21:02:10,862 [Worker-10] ERROR o.e.m.c.internal.embedder.MavenImpl - Could not read settings.xml, assuming default values
org.apache.maven.settings.building.SettingsBuildingException: 1 problem was encountered while building the effective settings
[FATAL] Non-readable settings C:\Users\ASUS-PC\.m2\settings.xml: input contained no data @ C:\Users\ASUS-PC\.m2\settings.xml

	at org.apache.maven.settings.building.DefaultSettingsBuilder.build(DefaultSettingsBuilder.java:119) ~[maven-settings-builder-3.3.9.jar:3.3.9]
	at org.eclipse.m2e.core.internal.embedder.MavenImpl.getSettings(MavenImpl.java:470) [org.eclipse.m2e.core_1.8.2.20171007-0217.jar:na]
	at org.eclipse.m2e.core.internal.embedder.MavenImpl.getSettings(MavenImpl.java:439) [org.eclipse.m2e.core_1.8.2.20171007-0217.jar:na]
	at org.eclipse.m2e.core.internal.embedder.MavenImpl.createExecutionRequest(MavenImpl.java:236) [org.eclipse.m2e.core_1.8.2.20171007-0217.jar:na]
	at org.eclipse.m2e.core.internal.embedder.MavenExecutionContext.newExecutionRequest(MavenExecutionContext.java:92) [org.eclipse.m2e.core_1.8.2.20171007-0217.jar:na]
	at org.eclipse.m2e.core.internal.embedder.MavenExecutionContext.execute(MavenExecutionContext.java:125) [org.eclipse.m2e.core_1.8.2.20171007-0217.jar:na]
	at org.eclipse.m2e.core.internal.embedder.MavenExecutionContext.execute(MavenExecutionContext.java:99) [org.eclipse.m2e.core_1.8.2.20171007-0217.jar:na]
	at org.eclipse.m2e.core.internal.embedder.MavenImpl.execute(MavenImpl.java:1355) [org.eclipse.m2e.core_1.8.2.20171007-0217.jar:na]
	at org.eclipse.m2e.core.internal.project.ProjectConfigurationManager.importProjects(ProjectConfigurationManager.java:143) [org.eclipse.m2e.core_1.8.2.20171007-0217.jar:na]
	at org.eclipse.m2e.core.internal.project.ProjectConfigurationManager.importProjects(ProjectConfigurationManager.java:133) [org.eclipse.m2e.core_1.8.2.20171007-0217.jar:na]
	at org.springframework.ide.eclipse.boot.wizard.importing.MavenStrategy.createEclipseProjectFromExistingMavenProject(MavenStrategy.java:133) [org.springframework.ide.eclipse.boot.wizard_3.9.2.201712210913-RELEASE.jar:na]
	at org.springframework.ide.eclipse.boot.wizard.importing.MavenStrategy$MavenCodeSetImport.run(MavenStrategy.java:84) [org.springframework.ide.eclipse.boot.wizard_3.9.2.201712210913-RELEASE.jar:na]
	at org.springframework.ide.eclipse.boot.wizard.NewSpringBootWizardModel.importProject(NewSpringBootWizardModel.java:350) [org.springframework.ide.eclipse.boot.wizard_3.9.2.201712210913-RELEASE.jar:na]
	at org.springframework.ide.eclipse.boot.wizard.NewSpringBootWizardModel.performFinish(NewSpringBootWizardModel.java:329) [org.springframework.ide.eclipse.boot.wizard_3.9.2.201712210913-RELEASE.jar:na]
	at org.springframework.ide.eclipse.boot.wizard.NewSpringBootWizard$1.run(NewSpringBootWizard.java:227) [org.springframework.ide.eclipse.boot.wizard_3.9.2.201712210913-RELEASE.jar:na]
	at org.eclipse.core.internal.jobs.Worker.run(Worker.java:56) [org.eclipse.core.jobs_3.9.2.v20171030-1027.jar:na]
2018-04-10 21:02:21,152 [Worker-10] INFO  o.e.m.c.i.l.LifecycleMappingFactory - Using org.eclipse.m2e.jdt.JarLifecycleMapping lifecycle mapping for MavenProject: com.example:com.example.Tutorial07Producer:0.0.1-SNAPSHOT @ C:\Users\ASUS-PC\eclipse-workspace\Tutorial07\com.example.Tutorial07Producer\pom.xml.
2018-04-10 21:02:28,526 [Worker-10] INFO  o.e.m.j.i.AbstractJavaProjectConfigurator - Adding source folder /com.example.Tutorial07Producer/src/main/java
2018-04-10 21:02:28,527 [Worker-10] INFO  o.e.m.j.i.AbstractJavaProjectConfigurator - Adding resource folder /com.example.Tutorial07Producer/src/main/resources
2018-04-10 21:02:28,544 [Worker-10] INFO  o.e.m.j.i.AbstractJavaProjectConfigurator - Adding resource folder /com.example.Tutorial07Producer/src/main/resources
2018-04-10 21:02:28,565 [Worker-10] INFO  o.e.m.j.i.AbstractJavaProjectConfigurator - Adding source folder /com.example.Tutorial07Producer/src/test/java
2018-04-10 21:02:35,391 [Worker-10] INFO  o.e.m.c.i.p.ProjectConfigurationManager - Imported and configured 1 project(s) in 24 sec
2018-04-10 21:02:35,396 [Worker-10] INFO  o.e.m.c.i.p.ProjectConfigurationManager - Update started
2018-04-10 21:02:38,679 [Worker-10] INFO  o.e.m.c.i.l.LifecycleMappingFactory - Using org.eclipse.m2e.jdt.JarLifecycleMapping lifecycle mapping for MavenProject: com.example:com.example.Tutorial07Producer:0.0.1-SNAPSHOT @ C:\Users\ASUS-PC\eclipse-workspace\Tutorial07\com.example.Tutorial07Producer\pom.xml.
2018-04-10 21:02:42,185 [Worker-10] INFO  o.e.m.j.i.AbstractJavaProjectConfigurator - Adding source folder /com.example.Tutorial07Producer/src/main/java
2018-04-10 21:02:42,186 [Worker-10] INFO  o.e.m.j.i.AbstractJavaProjectConfigurator - Adding resource folder /com.example.Tutorial07Producer/src/main/resources
2018-04-10 21:02:42,188 [Worker-10] INFO  o.e.m.j.i.AbstractJavaProjectConfigurator - Adding resource folder /com.example.Tutorial07Producer/src/main/resources
2018-04-10 21:02:42,194 [Worker-10] INFO  o.e.m.j.i.AbstractJavaProjectConfigurator - Adding source folder /com.example.Tutorial07Producer/src/test/java
2018-04-10 21:02:42,988 [Worker-10] INFO  o.e.m.c.i.p.ProjectConfigurationManager - Update completed: 7 sec
2018-04-10 21:03:00,370 [Worker-1] INFO  o.e.m.c.i.embedder.EclipseLogger - Using 'UTF-8' encoding to copy filtered resources.
2018-04-10 21:03:00,447 [Worker-1] INFO  o.e.m.c.i.embedder.EclipseLogger - Copying 1 resource
2018-04-10 21:03:00,520 [Worker-1] INFO  o.e.m.c.i.embedder.EclipseLogger - Copying 0 resource
2018-04-10 21:03:00,524 [Worker-1] INFO  o.e.m.c.i.embedder.EclipseLogger - Using 'UTF-8' encoding to copy filtered resources.
2018-04-10 21:03:00,524 [Worker-1] INFO  o.e.m.c.i.embedder.EclipseLogger - skip non existing resourceDirectory C:\Users\ASUS-PC\eclipse-workspace\Tutorial07\com.example.Tutorial07Producer\src\test\resources
2018-04-10 21:05:29,324 [Worker-9] INFO  o.e.m.c.i.l.LifecycleMappingFactory - Using org.eclipse.m2e.jdt.JarLifecycleMapping lifecycle mapping for MavenProject: com.example:com.example.tutorial4:0.0.1-SNAPSHOT @ C:\Users\ASUS-PC\eclipse-workspace\Tutorial07\com.example.tutorial7Producer\pom.xml.
2018-04-10 21:05:40,782 [Worker-9] INFO  o.e.m.c.i.embedder.EclipseLogger - Using 'UTF-8' encoding to copy filtered resources.
2018-04-10 21:05:40,784 [Worker-9] INFO  o.e.m.c.i.embedder.EclipseLogger - Copying 1 resource
2018-04-10 21:05:40,863 [Worker-9] INFO  o.e.m.c.i.embedder.EclipseLogger - Copying 9 resources
2018-04-10 21:05:40,987 [Worker-9] INFO  o.e.m.c.i.embedder.EclipseLogger - Using 'UTF-8' encoding to copy filtered resources.
2018-04-10 21:05:40,993 [Worker-9] INFO  o.e.m.c.i.embedder.EclipseLogger - skip non existing resourceDirectory C:\Users\ASUS-PC\eclipse-workspace\Tutorial07\com.example.tutorial7Producer\src\test\resources
2018-04-10 21:05:44,597 [Worker-24] INFO  o.e.m.c.i.embedder.EclipseLogger - Using 'UTF-8' encoding to copy filtered resources.
2018-04-10 21:05:44,622 [Worker-24] INFO  o.e.m.c.i.embedder.EclipseLogger - Copying 1 resource
2018-04-10 21:05:44,666 [Worker-24] INFO  o.e.m.c.i.embedder.EclipseLogger - Copying 9 resources
2018-04-10 21:05:44,704 [Worker-24] INFO  o.e.m.c.i.embedder.EclipseLogger - Using 'UTF-8' encoding to copy filtered resources.
2018-04-10 21:05:44,712 [Worker-24] INFO  o.e.m.c.i.embedder.EclipseLogger - skip non existing resourceDirectory C:\Users\ASUS-PC\eclipse-workspace\Tutorial07\com.example.tutorial7Producer\src\test\resources
2018-04-10 21:07:14,913 [Worker-21] INFO  o.e.m.c.i.l.LifecycleMappingFactory - Using org.eclipse.m2e.jdt.JarLifecycleMapping lifecycle mapping for MavenProject: com.example:com.example.tutorial4:0.0.1-SNAPSHOT @ C:\Users\ASUS-PC\eclipse-workspace\Tutorial07\com.example.tutorial5\pom.xml.
2018-04-10 21:07:18,101 [Worker-21] INFO  o.e.m.c.i.embedder.EclipseLogger - Using 'UTF-8' encoding to copy filtered resources.
2018-04-10 21:07:18,108 [Worker-21] INFO  o.e.m.c.i.embedder.EclipseLogger - Copying 1 resource
2018-04-10 21:07:18,119 [Worker-21] INFO  o.e.m.c.i.embedder.EclipseLogger - Copying 66 resources
2018-04-10 21:07:18,815 [Worker-21] INFO  o.e.m.c.i.embedder.EclipseLogger - Using 'UTF-8' encoding to copy filtered resources.
2018-04-10 21:07:18,825 [Worker-21] INFO  o.e.m.c.i.embedder.EclipseLogger - skip non existing resourceDirectory C:\Users\ASUS-PC\eclipse-workspace\Tutorial07\com.example.tutorial5\src\test\resources
2018-04-10 21:07:58,164 [Worker-16] INFO  o.e.m.c.i.l.LifecycleMappingFactory - Using org.eclipse.m2e.jdt.JarLifecycleMapping lifecycle mapping for MavenProject: com.example:com.example.tutorial4:0.0.1-SNAPSHOT @ C:\Users\ASUS-PC\eclipse-workspace\Tutorial07\com.example.tutorial7Consumer\pom.xml.
2018-04-10 21:08:00,416 [Worker-16] INFO  o.e.m.c.i.embedder.EclipseLogger - Using 'UTF-8' encoding to copy filtered resources.
2018-04-10 21:08:00,423 [Worker-16] INFO  o.e.m.c.i.embedder.EclipseLogger - Copying 1 resource
2018-04-10 21:08:00,433 [Worker-16] INFO  o.e.m.c.i.embedder.EclipseLogger - Copying 66 resources
2018-04-10 21:08:02,847 [Worker-16] INFO  o.e.m.c.i.embedder.EclipseLogger - Using 'UTF-8' encoding to copy filtered resources.
2018-04-10 21:08:02,854 [Worker-16] INFO  o.e.m.c.i.embedder.EclipseLogger - skip non existing resourceDirectory C:\Users\ASUS-PC\eclipse-workspace\Tutorial07\com.example.tutorial7Consumer\src\test\resources
2018-04-10 21:08:05,904 [Worker-16] INFO  o.e.m.c.i.embedder.EclipseLogger - Using 'UTF-8' encoding to copy filtered resources.
2018-04-10 21:08:05,922 [Worker-16] INFO  o.e.m.c.i.embedder.EclipseLogger - Copying 1 resource
2018-04-10 21:08:05,943 [Worker-16] INFO  o.e.m.c.i.embedder.EclipseLogger - Copying 66 resources
2018-04-10 21:08:06,696 [Worker-16] INFO  o.e.m.c.i.embedder.EclipseLogger - Using 'UTF-8' encoding to copy filtered resources.
2018-04-10 21:08:06,696 [Worker-16] INFO  o.e.m.c.i.embedder.EclipseLogger - skip non existing resourceDirectory C:\Users\ASUS-PC\eclipse-workspace\Tutorial07\com.example.tutorial7Consumer\src\test\resources
2018-04-13 08:52:11,491 [Worker-6] INFO  c.g.t.t.d.PublishedGradleVersions - Gradle version information cache is out-of-date. Trying to update.
2018-04-13 08:52:12,724 [Worker-2] ERROR o.e.m.c.internal.embedder.MavenImpl - Could not read settings.xml, assuming default values
org.apache.maven.settings.building.SettingsBuildingException: 1 problem was encountered while building the effective settings
[FATAL] Non-readable settings C:\Users\ASUS-PC\.m2\settings.xml: input contained no data @ C:\Users\ASUS-PC\.m2\settings.xml

	at org.apache.maven.settings.building.DefaultSettingsBuilder.build(DefaultSettingsBuilder.java:119) ~[maven-settings-builder-3.3.9.jar:3.3.9]
	at org.eclipse.m2e.core.internal.embedder.MavenImpl.getSettings(MavenImpl.java:470) [org.eclipse.m2e.core_1.8.2.20171007-0217.jar:na]
	at org.eclipse.m2e.core.internal.embedder.MavenImpl.getSettings(MavenImpl.java:439) [org.eclipse.m2e.core_1.8.2.20171007-0217.jar:na]
	at org.eclipse.m2e.core.internal.repository.RepositoryRegistry.updateRegistry(RepositoryRegistry.java:223) [org.eclipse.m2e.core_1.8.2.20171007-0217.jar:na]
	at org.eclipse.m2e.core.internal.repository.RepositoryRegistryUpdateJob.run(RepositoryRegistryUpdateJob.java:47) [org.eclipse.m2e.core_1.8.2.20171007-0217.jar:na]
	at org.eclipse.core.internal.jobs.Worker.run(Worker.java:56) [org.eclipse.core.jobs_3.9.2.v20171030-1027.jar:na]
2018-04-13 09:21:30,538 [Worker-26] INFO  o.e.m.c.i.embedder.EclipseLogger - Using 'UTF-8' encoding to copy filtered resources.
2018-04-13 09:21:30,788 [Worker-26] INFO  o.e.m.c.i.embedder.EclipseLogger - Copying 1 resource
2018-04-13 09:21:30,866 [Worker-26] INFO  o.e.m.c.i.embedder.EclipseLogger - Copying 9 resources
2018-04-13 09:21:30,963 [Worker-26] INFO  o.e.m.c.i.embedder.EclipseLogger - Using 'UTF-8' encoding to copy filtered resources.
2018-04-13 09:21:30,963 [Worker-26] INFO  o.e.m.c.i.embedder.EclipseLogger - skip non existing resourceDirectory C:\Users\ASUS-PC\eclipse-workspace\Tutorial07\com.example.tutorial7Producer\src\test\resources
2018-04-13 09:21:53,095 [Worker-25] INFO  o.e.m.c.i.embedder.EclipseLogger - Using 'UTF-8' encoding to copy filtered resources.
2018-04-13 09:21:53,142 [Worker-25] INFO  o.e.m.c.i.embedder.EclipseLogger - Copying 1 resource
2018-04-13 09:21:53,158 [Worker-25] INFO  o.e.m.c.i.embedder.EclipseLogger - Copying 9 resources
2018-04-13 09:21:53,158 [Worker-25] INFO  o.e.m.c.i.embedder.EclipseLogger - Using 'UTF-8' encoding to copy filtered resources.
2018-04-13 09:21:53,158 [Worker-25] INFO  o.e.m.c.i.embedder.EclipseLogger - skip non existing resourceDirectory C:\Users\ASUS-PC\eclipse-workspace\Tutorial07\com.example.tutorial7Producer\src\test\resources
2018-04-13 09:30:11,070 [Worker-29] INFO  o.e.m.c.i.embedder.EclipseLogger - Using 'UTF-8' encoding to copy filtered resources.
2018-04-13 09:30:11,070 [Worker-29] INFO  o.e.m.c.i.embedder.EclipseLogger - Copying 1 resource
2018-04-13 09:30:11,086 [Worker-29] INFO  o.e.m.c.i.embedder.EclipseLogger - Copying 66 resources
2018-04-13 09:30:14,693 [Worker-29] INFO  o.e.m.c.i.embedder.EclipseLogger - Using 'UTF-8' encoding to copy filtered resources.
2018-04-13 09:30:14,708 [Worker-29] INFO  o.e.m.c.i.embedder.EclipseLogger - skip non existing resourceDirectory C:\Users\ASUS-PC\eclipse-workspace\Tutorial07\com.example.tutorial7Consumer\src\test\resources
2018-04-13 09:31:08,157 [Worker-31] INFO  o.e.m.c.i.embedder.EclipseLogger - Using 'UTF-8' encoding to copy filtered resources.
2018-04-13 09:31:08,177 [Worker-31] INFO  o.e.m.c.i.embedder.EclipseLogger - Copying 1 resource
2018-04-13 09:31:08,212 [Worker-31] INFO  o.e.m.c.i.embedder.EclipseLogger - Copying 66 resources
2018-04-13 09:31:08,233 [Worker-31] INFO  o.e.m.c.i.embedder.EclipseLogger - Using 'UTF-8' encoding to copy filtered resources.
2018-04-13 09:31:08,233 [Worker-31] INFO  o.e.m.c.i.embedder.EclipseLogger - skip non existing resourceDirectory C:\Users\ASUS-PC\eclipse-workspace\Tutorial07\com.example.tutorial7Consumer\src\test\resources
2018-04-13 09:47:05,255 [Worker-37] INFO  o.e.m.c.i.embedder.EclipseLogger - Using 'UTF-8' encoding to copy filtered resources.
2018-04-13 09:47:05,421 [Worker-37] INFO  o.e.m.c.i.embedder.EclipseLogger - Copying 1 resource
2018-04-13 09:47:05,432 [Worker-37] INFO  o.e.m.c.i.embedder.EclipseLogger - Copying 66 resources
2018-04-13 09:47:05,599 [Worker-37] INFO  o.e.m.c.i.embedder.EclipseLogger - Using 'UTF-8' encoding to copy filtered resources.
2018-04-13 09:47:05,600 [Worker-37] INFO  o.e.m.c.i.embedder.EclipseLogger - skip non existing resourceDirectory C:\Users\ASUS-PC\eclipse-workspace\Tutorial07\com.example.tutorial7Consumer\src\test\resources
2018-04-13 09:49:14,951 [Worker-37] INFO  o.e.m.c.i.embedder.EclipseLogger - Using 'UTF-8' encoding to copy filtered resources.
2018-04-13 09:49:14,968 [Worker-37] INFO  o.e.m.c.i.embedder.EclipseLogger - Copying 1 resource
2018-04-13 09:49:14,988 [Worker-37] INFO  o.e.m.c.i.embedder.EclipseLogger - Copying 66 resources
2018-04-13 09:49:15,021 [Worker-37] INFO  o.e.m.c.i.embedder.EclipseLogger - Using 'UTF-8' encoding to copy filtered resources.
2018-04-13 09:49:15,021 [Worker-37] INFO  o.e.m.c.i.embedder.EclipseLogger - skip non existing resourceDirectory C:\Users\ASUS-PC\eclipse-workspace\Tutorial07\com.example.tutorial7Consumer\src\test\resources
2018-04-13 09:53:26,918 [Worker-35] INFO  o.e.m.c.i.embedder.EclipseLogger - Using 'UTF-8' encoding to copy filtered resources.
2018-04-13 09:53:27,033 [Worker-35] INFO  o.e.m.c.i.embedder.EclipseLogger - Copying 1 resource
2018-04-13 09:53:27,065 [Worker-35] INFO  o.e.m.c.i.embedder.EclipseLogger - Copying 66 resources
2018-04-13 09:53:27,199 [Worker-35] INFO  o.e.m.c.i.embedder.EclipseLogger - Using 'UTF-8' encoding to copy filtered resources.
2018-04-13 09:53:27,199 [Worker-35] INFO  o.e.m.c.i.embedder.EclipseLogger - skip non existing resourceDirectory C:\Users\ASUS-PC\eclipse-workspace\Tutorial07\com.example.tutorial7Consumer\src\test\resources
2018-04-13 09:54:25,613 [Worker-36] INFO  o.e.m.c.i.embedder.EclipseLogger - Using 'UTF-8' encoding to copy filtered resources.
2018-04-13 09:54:25,629 [Worker-36] INFO  o.e.m.c.i.embedder.EclipseLogger - Copying 1 resource
2018-04-13 09:54:25,660 [Worker-36] INFO  o.e.m.c.i.embedder.EclipseLogger - Copying 66 resources
2018-04-13 09:54:25,704 [Worker-36] INFO  o.e.m.c.i.embedder.EclipseLogger - Using 'UTF-8' encoding to copy filtered resources.
2018-04-13 09:54:25,704 [Worker-36] INFO  o.e.m.c.i.embedder.EclipseLogger - skip non existing resourceDirectory C:\Users\ASUS-PC\eclipse-workspace\Tutorial07\com.example.tutorial7Consumer\src\test\resources
2018-04-13 09:58:42,706 [Worker-34] INFO  o.e.m.c.i.embedder.EclipseLogger - Using 'UTF-8' encoding to copy filtered resources.
2018-04-13 09:58:42,722 [Worker-34] INFO  o.e.m.c.i.embedder.EclipseLogger - Copying 1 resource
2018-04-13 09:58:42,748 [Worker-34] INFO  o.e.m.c.i.embedder.EclipseLogger - Copying 66 resources
2018-04-13 09:58:42,768 [Worker-34] INFO  o.e.m.c.i.embedder.EclipseLogger - Using 'UTF-8' encoding to copy filtered resources.
2018-04-13 09:58:42,769 [Worker-34] INFO  o.e.m.c.i.embedder.EclipseLogger - skip non existing resourceDirectory C:\Users\ASUS-PC\eclipse-workspace\Tutorial07\com.example.tutorial7Consumer\src\test\resources
2018-04-13 15:18:09,261 [Worker-1] INFO  c.g.t.t.d.PublishedGradleVersions - Gradle version information cache is up-to-date. Trying to read.
2018-04-13 15:18:09,854 [Worker-4] ERROR o.e.m.c.internal.embedder.MavenImpl - Could not read settings.xml, assuming default values
org.apache.maven.settings.building.SettingsBuildingException: 1 problem was encountered while building the effective settings
[FATAL] Non-readable settings C:\Users\ASUS-PC\.m2\settings.xml: input contained no data @ C:\Users\ASUS-PC\.m2\settings.xml

	at org.apache.maven.settings.building.DefaultSettingsBuilder.build(DefaultSettingsBuilder.java:119) ~[maven-settings-builder-3.3.9.jar:3.3.9]
	at org.eclipse.m2e.core.internal.embedder.MavenImpl.getSettings(MavenImpl.java:470) [org.eclipse.m2e.core_1.8.2.20171007-0217.jar:na]
	at org.eclipse.m2e.core.internal.embedder.MavenImpl.getSettings(MavenImpl.java:439) [org.eclipse.m2e.core_1.8.2.20171007-0217.jar:na]
	at org.eclipse.m2e.core.internal.repository.RepositoryRegistry.updateRegistry(RepositoryRegistry.java:223) [org.eclipse.m2e.core_1.8.2.20171007-0217.jar:na]
	at org.eclipse.m2e.core.internal.repository.RepositoryRegistryUpdateJob.run(RepositoryRegistryUpdateJob.java:47) [org.eclipse.m2e.core_1.8.2.20171007-0217.jar:na]
	at org.eclipse.core.internal.jobs.Worker.run(Worker.java:56) [org.eclipse.core.jobs_3.9.2.v20171030-1027.jar:na]
2018-04-13 15:39:26,228 [Worker-24] INFO  o.e.m.c.i.embedder.EclipseLogger - Using 'UTF-8' encoding to copy filtered resources.
2018-04-13 15:39:26,228 [Worker-24] INFO  o.e.m.c.i.embedder.EclipseLogger - Copying 1 resource
2018-04-13 15:39:26,259 [Worker-24] INFO  o.e.m.c.i.embedder.EclipseLogger - Copying 9 resources
2018-04-13 15:39:26,462 [Worker-24] INFO  o.e.m.c.i.embedder.EclipseLogger - Using 'UTF-8' encoding to copy filtered resources.
2018-04-13 15:39:26,462 [Worker-24] INFO  o.e.m.c.i.embedder.EclipseLogger - skip non existing resourceDirectory C:\Users\ASUS-PC\eclipse-workspace\Tutorial07\com.example.tutorial7Producer\src\test\resources
2018-04-13 15:39:29,381 [Worker-23] INFO  o.e.m.c.i.embedder.EclipseLogger - Using 'UTF-8' encoding to copy filtered resources.
2018-04-13 15:39:29,396 [Worker-23] INFO  o.e.m.c.i.embedder.EclipseLogger - Copying 1 resource
2018-04-13 15:39:29,459 [Worker-23] INFO  o.e.m.c.i.embedder.EclipseLogger - Copying 66 resources
2018-04-13 15:39:32,974 [Worker-23] INFO  o.e.m.c.i.embedder.EclipseLogger - Using 'UTF-8' encoding to copy filtered resources.
2018-04-13 15:39:32,974 [Worker-23] INFO  o.e.m.c.i.embedder.EclipseLogger - skip non existing resourceDirectory C:\Users\ASUS-PC\eclipse-workspace\Tutorial07\com.example.tutorial7Consumer\src\test\resources
2018-04-13 15:39:51,647 [Worker-23] INFO  o.e.m.c.i.embedder.EclipseLogger - Using 'UTF-8' encoding to copy filtered resources.
2018-04-13 15:39:51,694 [Worker-23] INFO  o.e.m.c.i.embedder.EclipseLogger - Copying 1 resource
2018-04-13 15:39:51,709 [Worker-23] INFO  o.e.m.c.i.embedder.EclipseLogger - Copying 66 resources
2018-04-13 15:39:51,725 [Worker-23] INFO  o.e.m.c.i.embedder.EclipseLogger - Using 'UTF-8' encoding to copy filtered resources.
2018-04-13 15:39:51,740 [Worker-23] INFO  o.e.m.c.i.embedder.EclipseLogger - skip non existing resourceDirectory C:\Users\ASUS-PC\eclipse-workspace\Tutorial07\com.example.tutorial7Consumer\src\test\resources
2018-04-13 15:50:55,691 [Worker-32] INFO  o.e.m.c.i.embedder.EclipseLogger - Using 'UTF-8' encoding to copy filtered resources.
2018-04-13 15:50:55,832 [Worker-32] INFO  o.e.m.c.i.embedder.EclipseLogger - Copying 1 resource
2018-04-13 15:50:55,848 [Worker-32] INFO  o.e.m.c.i.embedder.EclipseLogger - Copying 66 resources
2018-04-13 15:50:55,894 [Worker-32] INFO  o.e.m.c.i.embedder.EclipseLogger - Using 'UTF-8' encoding to copy filtered resources.
2018-04-13 15:50:55,894 [Worker-32] INFO  o.e.m.c.i.embedder.EclipseLogger - skip non existing resourceDirectory C:\Users\ASUS-PC\eclipse-workspace\Tutorial07\com.example.tutorial7Consumer\src\test\resources
2018-04-13 15:52:37,344 [Worker-32] INFO  o.e.m.c.i.embedder.EclipseLogger - Using 'UTF-8' encoding to copy filtered resources.
2018-04-13 15:52:37,360 [Worker-32] INFO  o.e.m.c.i.embedder.EclipseLogger - Copying 1 resource
2018-04-13 15:52:37,376 [Worker-32] INFO  o.e.m.c.i.embedder.EclipseLogger - Copying 66 resources
2018-04-13 15:52:37,391 [Worker-32] INFO  o.e.m.c.i.embedder.EclipseLogger - Using 'UTF-8' encoding to copy filtered resources.
2018-04-13 15:52:37,391 [Worker-32] INFO  o.e.m.c.i.embedder.EclipseLogger - skip non existing resourceDirectory C:\Users\ASUS-PC\eclipse-workspace\Tutorial07\com.example.tutorial7Consumer\src\test\resources
2018-04-13 15:55:45,425 [Worker-33] INFO  o.e.m.c.i.embedder.EclipseLogger - Using 'UTF-8' encoding to copy filtered resources.
2018-04-13 15:55:45,472 [Worker-33] INFO  o.e.m.c.i.embedder.EclipseLogger - Copying 1 resource
2018-04-13 15:55:45,488 [Worker-33] INFO  o.e.m.c.i.embedder.EclipseLogger - Copying 66 resources
2018-04-13 15:55:45,504 [Worker-33] INFO  o.e.m.c.i.embedder.EclipseLogger - Using 'UTF-8' encoding to copy filtered resources.
2018-04-13 15:55:45,504 [Worker-33] INFO  o.e.m.c.i.embedder.EclipseLogger - skip non existing resourceDirectory C:\Users\ASUS-PC\eclipse-workspace\Tutorial07\com.example.tutorial7Consumer\src\test\resources
2018-04-14 17:15:12,725 [Worker-4] INFO  c.g.t.t.d.PublishedGradleVersions - Gradle version information cache is out-of-date. Trying to update.
2018-04-14 17:15:13,544 [Worker-9] ERROR o.e.m.c.internal.embedder.MavenImpl - Could not read settings.xml, assuming default values
org.apache.maven.settings.building.SettingsBuildingException: 1 problem was encountered while building the effective settings
[FATAL] Non-readable settings C:\Users\ASUS-PC\.m2\settings.xml: input contained no data @ C:\Users\ASUS-PC\.m2\settings.xml

	at org.apache.maven.settings.building.DefaultSettingsBuilder.build(DefaultSettingsBuilder.java:119) ~[maven-settings-builder-3.3.9.jar:3.3.9]
	at org.eclipse.m2e.core.internal.embedder.MavenImpl.getSettings(MavenImpl.java:470) [org.eclipse.m2e.core_1.8.2.20171007-0217.jar:na]
	at org.eclipse.m2e.core.internal.embedder.MavenImpl.getSettings(MavenImpl.java:439) [org.eclipse.m2e.core_1.8.2.20171007-0217.jar:na]
	at org.eclipse.m2e.core.internal.repository.RepositoryRegistry.updateRegistry(RepositoryRegistry.java:223) [org.eclipse.m2e.core_1.8.2.20171007-0217.jar:na]
	at org.eclipse.m2e.core.internal.repository.RepositoryRegistryUpdateJob.run(RepositoryRegistryUpdateJob.java:47) [org.eclipse.m2e.core_1.8.2.20171007-0217.jar:na]
	at org.eclipse.core.internal.jobs.Worker.run(Worker.java:56) [org.eclipse.core.jobs_3.9.2.v20171030-1027.jar:na]
